#
# There is insufficient memory for the Java Runtime Environment to continue.
# Native memory allocation (malloc) failed to allocate 1048576 bytes for AllocateHeap
# Possible reasons:
#   The system is out of physical RAM or swap space
#   In 32 bit mode, the process size limit was hit
# Possible solutions:
#   Reduce memory load on the system
#   Increase physical memory or swap space
#   Check if swap backing store is full
#   Use 64 bit Java on a 64 bit OS
#   Decrease Java heap size (-Xmx/-Xms)
#   Decrease number of Java threads
#   Decrease Java thread stack sizes (-Xss)
#   Set larger code cache with -XX:ReservedCodeCacheSize=
# This output file may be truncated or incomplete.
#
#  Out of Memory Error (memory/allocation.inline.hpp:61), pid=208, tid=0x00000000000015d8
#
# JRE version:  (8.0) (build )
# Java VM: OpenJDK 64-Bit Server VM (25.71-b00 mixed mode windows-amd64 compressed oops)
# Failed to write core dump. Minidumps are not enabled by default on client versions of Windows
#

---------------  T H R E A D  ---------------

Current thread (0x0000000002cd0800):  JavaThread "Unknown thread" [_thread_in_vm, id=5592, stack(0x0000000002b60000,0x0000000002c60000)]

Stack: [0x0000000002b60000,0x0000000002c60000]
[error occurred during error reporting (printing stack bounds), id 0xc0000005]

Native frames: (J=compiled Java code, j=interpreted, Vv=VM code, C=native code)


---------------  P R O C E S S  ---------------

Java Threads: ( => current thread )

Other Threads:

=>0x0000000002cd0800 (exited) JavaThread "Unknown thread" [_thread_in_vm, id=5592, stack(0x0000000002b60000,0x0000000002c60000)]

VM state:not at safepoint (normal execution)

VM Mutex/Monitor currently owned by a thread: None

Heap:
 PSYoungGen      total 18944K, used 327K [0x00000000eb200000, 0x00000000ec700000, 0x0000000100000000)
  eden space 16384K, 2% used [0x00000000eb200000,0x00000000eb251ec8,0x00000000ec200000)
  from space 2560K, 0% used [0x00000000ec480000,0x00000000ec480000,0x00000000ec700000)
  to   space 2560K, 0% used [0x00000000ec200000,0x00000000ec200000,0x00000000ec480000)
 ParOldGen       total 44032K, used 0K [0x00000000c1600000, 0x00000000c4100000, 0x00000000eb200000)
  object space 44032K, 0% used [0x00000000c1600000,0x00000000c1600000,0x00000000c4100000)
 Metaspace       used 784K, capacity 1156K, committed 1408K, reserved 1060864K
  class space    used 74K, capacity 384K, committed 384K, reserved 1048576K

Card table byte_map: [0x0000000012190000,0x0000000012390000] byte_map_base: 0x0000000011b85000

Marking Bits: (ParMarkBitMap*) 0x000000006481be50
 Begin Bits: [0x00000000128e0000, 0x0000000013888000)
 End Bits:   [0x0000000013888000, 0x0000000014830000)

Polling page: 0x0000000000bf0000

CodeCache: size=245760Kb used=328Kb max_used=328Kb free=245431Kb
 bounds [0x0000000002dd0000, 0x0000000003040000, 0x0000000011dd0000]
 total_blobs=57 nmethods=0 adapters=38
 compilation: enabled

Compilation events (0 events):
No events

GC Heap History (0 events):
No events

Deoptimization events (0 events):
No events

Classes redefined (0 events):
No events

Internal exceptions (0 events):
No events

Events (10 events):
Event: 0.996 loading class java/lang/Short
Event: 0.998 loading class java/lang/Short done
Event: 0.998 loading class java/lang/Integer
Event: 1.000 loading class java/lang/Integer done
Event: 1.000 loading class java/lang/Long
Event: 1.003 loading class java/lang/Long done
Event: 1.006 loading class java/lang/NullPointerException
Event: 1.006 loading class java/lang/NullPointerException done
Event: 1.006 loading class java/lang/ArithmeticException
Event: 1.006 loading class java/lang/ArithmeticException done


Dynamic libraries:
0x00007ff77db00000 - 0x00007ff77db35000 	C:\Program Files (x86)\Unity Editor\2019.2.3f1\Editor\Data\PlaybackEngines\AndroidPlayer\Tools\OpenJDK\Windows\bin\java.exe
0x00007ffd522e0000 - 0x00007ffd524cd000 	C:\Windows\SYSTEM32\ntdll.dll
0x00007ffd51490000 - 0x00007ffd51543000 	C:\Windows\System32\KERNEL32.DLL
0x00007ffd4ef20000 - 0x00007ffd4f1b3000 	C:\Windows\System32\KERNELBASE.dll
0x00007ffd51350000 - 0x00007ffd513f3000 	C:\Windows\System32\ADVAPI32.dll
0x00007ffd50aa0000 - 0x00007ffd50b3e000 	C:\Windows\System32\msvcrt.dll
0x00007ffd4f510000 - 0x00007ffd4f5ae000 	C:\Windows\System32\sechost.dll
0x00007ffd50b40000 - 0x00007ffd50c63000 	C:\Windows\System32\RPCRT4.dll
0x00007ffd51fa0000 - 0x00007ffd52137000 	C:\Windows\System32\USER32.dll
0x00007ffd4e780000 - 0x00007ffd4e7a0000 	C:\Windows\System32\win32u.dll
0x00007ffd51f70000 - 0x00007ffd51f99000 	C:\Windows\System32\GDI32.dll
0x00007ffd4f370000 - 0x00007ffd4f50a000 	C:\Windows\System32\gdi32full.dll
0x00007ffd4e500000 - 0x00007ffd4e5a0000 	C:\Windows\System32\msvcp_win.dll
0x00007ffd4e400000 - 0x00007ffd4e4fc000 	C:\Windows\System32\ucrtbase.dll
0x00007ffd410c0000 - 0x00007ffd41339000 	C:\Windows\WinSxS\amd64_microsoft.windows.common-controls_6595b64144ccf1df_6.0.17763.107_none_05b63884071e656e\COMCTL32.dll
0x00007ffd51c40000 - 0x00007ffd51f6e000 	C:\Windows\System32\combase.dll
0x00007ffd4f2f0000 - 0x00007ffd4f36e000 	C:\Windows\System32\bcryptPrimitives.dll
0x00007ffd50c80000 - 0x00007ffd50cae000 	C:\Windows\System32\IMM32.DLL
0x00000000648a0000 - 0x0000000064972000 	C:\Program Files (x86)\Unity Editor\2019.2.3f1\Editor\Data\PlaybackEngines\AndroidPlayer\Tools\OpenJDK\Windows\jre\bin\msvcr100.dll
0x0000000064050000 - 0x0000000064899000 	C:\Program Files (x86)\Unity Editor\2019.2.3f1\Editor\Data\PlaybackEngines\AndroidPlayer\Tools\OpenJDK\Windows\jre\bin\server\jvm.dll
0x00007ffd50c70000 - 0x00007ffd50c78000 	C:\Windows\System32\PSAPI.DLL
0x00007ffd4c390000 - 0x00007ffd4c3b4000 	C:\Windows\SYSTEM32\WINMM.dll
0x00007ffd45a60000 - 0x00007ffd45a6a000 	C:\Windows\SYSTEM32\VERSION.dll
0x00007ffd4abe0000 - 0x00007ffd4abe9000 	C:\Windows\SYSTEM32\WSOCK32.dll
0x00007ffd50d10000 - 0x00007ffd50d7d000 	C:\Windows\System32\WS2_32.dll
0x00007ffd4c360000 - 0x00007ffd4c38d000 	C:\Windows\SYSTEM32\WINMMBASE.dll
0x00007ffd4e3b0000 - 0x00007ffd4e3fa000 	C:\Windows\System32\cfgmgr32.dll
0x00007ffd46630000 - 0x00007ffd4663f000 	C:\Program Files (x86)\Unity Editor\2019.2.3f1\Editor\Data\PlaybackEngines\AndroidPlayer\Tools\OpenJDK\Windows\jre\bin\verify.dll
0x00007ffd44d80000 - 0x00007ffd44da9000 	C:\Program Files (x86)\Unity Editor\2019.2.3f1\Editor\Data\PlaybackEngines\AndroidPlayer\Tools\OpenJDK\Windows\jre\bin\java.dll
0x00007ffd46520000 - 0x00007ffd46536000 	C:\Program Files (x86)\Unity Editor\2019.2.3f1\Editor\Data\PlaybackEngines\AndroidPlayer\Tools\OpenJDK\Windows\jre\bin\zip.dll

VM Arguments:
java_command: <unknown>
java_class_path (initial): .
Launcher Type: SUN_STANDARD

Environment Variables:
PATH=C:\Windows\system32;C:\Windows;C:\Windows\System32\Wbem;C:\Windows\System32\WindowsPowerShell\v1.0\;C:\Windows\System32\OpenSSH\;C:\Program Files (x86)\NVIDIA Corporation\PhysX\Common;C:\Program Files\dotnet\;C:\Program Files\Microsoft SQL Server\130\Tools\Binn\;C:\Program Files\Microsoft SQL Server\Client SDK\ODBC\170\Tools\Binn\;C:\Users\Sashko\AppData\Local\Microsoft\WindowsApps;
USERNAME=Sashko
OS=Windows_NT
PROCESSOR_IDENTIFIER=Intel64 Family 6 Model 61 Stepping 4, GenuineIntel



---------------  S Y S T E M  ---------------

OS: Windows 10.0 , 64 bit Build 17763 (10.0.17763.1)

CPU:total 4 (initial active 4) (2 cores per cpu, 2 threads per core) family 6 model 61 stepping 4, cmov, cx8, fxsr, mmx, sse, sse2, sse3, ssse3, sse4.1, sse4.2, popcnt, avx, avx2, aes, clmul, erms, 3dnowpref, lzcnt, ht, tsc, tscinvbit, bmi1, bmi2, adx

Memory: 4k page, physical 4103408k(1160972k free), swap 4922608k(5256k free)

vm_info: OpenJDK 64-Bit Server VM (25.71-b00) for windows-amd64 JRE (1.8.0-adoptopenjdk-_2018_05_19_00_59-b00), built on May 19 2018 01:02:12 by "jenkins" with MS VC++ 10.0 (VS2010)

time: Sat Sep 07 19:29:37 2019
elapsed time: 1 seconds (0d 0h 0m 1s)

